{
  "RSpec": {
    "coverage": {
      "/home/mayara/Área de Trabalho/workspace/ecommerce/app/models/user.rb": {
        "lines": [
          1,
          null,
          null,
          1,
          null,
          null,
          1,
          150,
          null,
          1,
          149,
          null,
          null
        ]
      },
      "/home/mayara/Área de Trabalho/workspace/ecommerce/app/models/application_record.rb": {
        "lines": [
          1,
          1,
          null
        ]
      },
      "/home/mayara/Área de Trabalho/workspace/ecommerce/app/helpers/application_helper.rb": {
        "lines": [
          1,
          null
        ]
      },
      "/home/mayara/Área de Trabalho/workspace/ecommerce/app/models/ecommerce_product_category.rb": {
        "lines": [
          1,
          1,
          1,
          1,
          1,
          null,
          1,
          6,
          6,
          null,
          6,
          null,
          6,
          null,
          null
        ]
      },
      "/home/mayara/Área de Trabalho/workspace/ecommerce/app/models/ecommerce_product.rb": {
        "lines": [
          1,
          1,
          null,
          1,
          null,
          1,
          null,
          1,
          2,
          null,
          null,
          null,
          1,
          4,
          4,
          null,
          4,
          null,
          4,
          null,
          null,
          1,
          15,
          15,
          null,
          null
        ]
      },
      "/home/mayara/Área de Trabalho/workspace/ecommerce/app/models/store.rb": {
        "lines": [
          1,
          1,
          1,
          1,
          1,
          1,
          1,
          1,
          1,
          null,
          1,
          9,
          null,
          null,
          1,
          37,
          37,
          null,
          null
        ]
      },
      "/home/mayara/Área de Trabalho/workspace/ecommerce/app/models/external_plan.rb": {
        "lines": [
          1,
          1,
          1,
          1,
          null,
          1,
          0,
          0,
          null,
          null,
          1,
          25,
          21,
          20,
          18,
          36,
          null,
          null,
          null,
          null,
          7,
          null,
          null,
          1,
          13,
          43,
          null,
          null,
          null,
          1,
          37,
          35,
          99,
          33,
          null,
          null
        ]
      },
      "/home/mayara/Área de Trabalho/workspace/ecommerce/app/controllers/admin/plans_controller.rb": {
        "lines": [
          1,
          1,
          1,
          1,
          null,
          1,
          10,
          10,
          10,
          null,
          null,
          1,
          2,
          null,
          null,
          1,
          1,
          1,
          1,
          null,
          0,
          null,
          null,
          null,
          1,
          null,
          1,
          13,
          null,
          null,
          null
        ]
      },
      "/home/mayara/Área de Trabalho/workspace/ecommerce/app/controllers/application_controller.rb": {
        "lines": [
          1,
          null
        ]
      },
      "/home/mayara/Área de Trabalho/workspace/ecommerce/app/models/plan.rb": {
        "lines": [
          1,
          null
        ]
      },
      "/home/mayara/Área de Trabalho/workspace/ecommerce/app/controllers/home_controller.rb": {
        "lines": [
          1,
          1,
          null
        ]
      },
      "/home/mayara/Área de Trabalho/workspace/ecommerce/app/controllers/admin/home_controller.rb": {
        "lines": [
          1,
          1,
          1,
          1,
          1,
          null,
          1,
          null,
          1,
          4,
          null,
          null,
          null
        ]
      },
      "/home/mayara/Área de Trabalho/workspace/ecommerce/app/controllers/admin/stores_controller.rb": {
        "lines": [
          1,
          1,
          1,
          1,
          1,
          2,
          null,
          null,
          1,
          null,
          1,
          2,
          null,
          null,
          null
        ]
      },
      "/home/mayara/Área de Trabalho/workspace/ecommerce/app/controllers/owner/ecommerce_products_controller.rb": {
        "lines": [
          1,
          1,
          1,
          1,
          null,
          1,
          6,
          null,
          null,
          1,
          2,
          1,
          null,
          null,
          1,
          1,
          null,
          null,
          null,
          1,
          1,
          1,
          null,
          1,
          1,
          null,
          0,
          null,
          null,
          null,
          1,
          1,
          null,
          null,
          1,
          1,
          null,
          1,
          null,
          1,
          null,
          null,
          1,
          1,
          1,
          null,
          null,
          1,
          1,
          1,
          1,
          1,
          1,
          1,
          null,
          null,
          1,
          0,
          0,
          0,
          0,
          0,
          0,
          null,
          null,
          1,
          null,
          1,
          2,
          null,
          null,
          null,
          null,
          null,
          null,
          null,
          null,
          1,
          9,
          null,
          null,
          null
        ]
      },
      "/home/mayara/Área de Trabalho/workspace/ecommerce/app/controllers/owner/stores_controller.rb": {
        "lines": [
          1,
          1,
          1,
          1,
          1,
          null,
          1,
          13,
          null,
          null,
          1,
          24,
          null,
          null,
          1,
          null,
          1,
          1,
          1,
          null,
          0,
          null,
          null,
          null,
          1,
          1,
          1,
          1,
          1,
          null,
          null,
          1,
          1,
          1,
          1,
          1,
          null,
          null,
          1,
          null,
          1,
          1,
          null,
          null,
          1,
          27,
          null,
          null,
          1,
          28,
          28,
          null,
          null,
          null
        ]
      },
      "/home/mayara/Área de Trabalho/workspace/ecommerce/app/controllers/stores_controller.rb": {
        "lines": [
          1,
          1,
          1,
          null,
          1,
          8,
          null,
          null,
          1,
          9,
          null,
          null,
          1,
          3,
          3,
          null,
          null,
          1,
          3,
          3,
          3,
          null,
          null,
          1,
          0,
          null,
          null,
          1,
          null,
          1,
          13,
          null,
          null,
          1,
          10,
          null,
          null
        ]
      },
      "/home/mayara/Área de Trabalho/workspace/ecommerce/app/controllers/owner/ecommerce_product_categories_controller.rb": {
        "lines": [
          1,
          1,
          1,
          1,
          1,
          9,
          null,
          null,
          1,
          4,
          1,
          null,
          null,
          3,
          3,
          null,
          null,
          null,
          1,
          3,
          3,
          3,
          3,
          1,
          null,
          2,
          null,
          null,
          null,
          1,
          4,
          null,
          null,
          1,
          3,
          3,
          1,
          null,
          null,
          2,
          null,
          null,
          null,
          1,
          1,
          1,
          null,
          null,
          null,
          1,
          null,
          1,
          6,
          null,
          null,
          1,
          8,
          null,
          null,
          null
        ]
      },
      "/home/mayara/Área de Trabalho/workspace/ecommerce/app/controllers/ecommerce_products_controller.rb": {
        "lines": [
          1,
          1,
          null,
          1,
          2,
          null,
          null,
          1,
          null,
          1,
          2,
          null,
          null
        ]
      },
      "/home/mayara/Área de Trabalho/workspace/ecommerce/app/controllers/api/v1/stores_controller.rb": {
        "lines": [
          1,
          1,
          1,
          1,
          7,
          7,
          5,
          5,
          5,
          5,
          null,
          null,
          1,
          null,
          null,
          1,
          null,
          6,
          null,
          null,
          null,
          null
        ]
      }
    },
    "timestamp": 1613233235
  }
}
